build/app/outputs/mapping/release/mapping.txt
# compiler: R8
# compiler_version: 1.5.64
# min_api: 16
# pg_map_id: a8beded
com.u6amtech.flutter_restaurant.Application -> com.u6amtech.flutter_restaurant.Application:
    void registerWith(io.flutter.plugin.common.PluginRegistry) -> a
com.u6amtech.flutter_restaurant.FirebaseCloudMessagingPluginRegistrant -> com.u6amtech.flutter_restaurant.a:
    com.u6amtech.flutter_restaurant.FirebaseCloudMessagingPluginRegistrant$Companion Companion -> a
com.u6amtech.flutter_restaurant.FirebaseCloudMessagingPluginRegistrant$Companion -> com.u6amtech.flutter_restaurant.a$a:
    boolean alreadyRegisteredWith(io.flutter.plugin.common.PluginRegistry) -> a
    void registerWith(io.flutter.plugin.common.PluginRegistry) -> b
...
com.google.android.gms.measurement.internal.zzq -> com.google.android.gms.measurement.internal.ma:
    com.google.android.gms.internal.measurement.zzcd$zzi zzc -> c
    java.lang.String zza -> a
    boolean zzb -> b
    java.util.Map zzf -> f
    com.google.android.gms.measurement.internal.zzo zzh -> h
    java.util.BitSet zze -> e
    java.util.Map zzg -> g
    java.util.BitSet zzd -> d
    com.google.android.gms.internal.measurement.zzcd$zza zza(int) -> a
    java.util.BitSet zza(com.google.android.gms.measurement.internal.zzq) -> a
    void zza(com.google.android.gms.measurement.internal.zzv) -> a
com.google.android.gms.measurement.internal.zzr -> com.google.android.gms.measurement.internal.na:
    int[] zzb -> b
    int[] zza -> a
com.google.android.gms.measurement.internal.zzs -> com.google.android.gms.measurement.internal.oa:
    com.google.android.gms.internal.measurement.zzbv$zzb zzg -> g
    com.google.android.gms.measurement.internal.zzo zzh -> h
    int zza() -> a
    boolean zza(java.lang.Long,java.lang.Long,com.google.android.gms.internal.measurement.zzcd$zzc,long,com.google.android.gms.measurement.internal.zzan,boolean) -> a
    boolean zzb() -> b
    boolean zzc() -> c
com.google.android.gms.measurement.internal.zzt -> com.google.android.gms.measurement.internal.pa:
    com.google.android.gms.internal.measurement.zzcd$zzc zza -> a
    com.google.android.gms.measurement.internal.zzo zzd -> d
    java.lang.Long zzb -> b
    long zzc -> c
    com.google.android.gms.internal.measurement.zzcd$zzc zza(java.lang.String,com.google.android.gms.internal.measurement.zzcd$zzc) -> a
com.google.android.gms.measurement.internal.zzu -> com.google.android.gms.measurement.internal.qa:
    com.google.android.gms.measurement.internal.zzo zzh -> h
    com.google.android.gms.internal.measurement.zzbv$zze zzg -> g
    int zza() -> a
    boolean zza(java.lang.Long,java.lang.Long,com.google.android.gms.internal.measurement.zzcd$zzk,boolean) -> a
    boolean zzb() -> b
    boolean zzc() -> c
com.google.android.gms.measurement.internal.zzv -> com.google.android.gms.measurement.internal.ra:
    java.lang.String zza -> a
    int zzb -> b
    java.lang.Boolean zzc -> c
    java.lang.Boolean zzd -> d
    java.lang.Long zze -> e
    java.lang.Long zzf -> f
    int zza() -> a
    java.lang.Boolean zza(double,com.google.android.gms.internal.measurement.zzbv$zzd) -> a
    java.lang.Boolean zza(long,com.google.android.gms.internal.measurement.zzbv$zzd) -> a
    java.lang.Boolean zza(java.lang.Boolean,boolean) -> a
    java.lang.Boolean zza(java.lang.String,com.google.android.gms.internal.measurement.zzbv$zzd) -> a
    java.lang.Boolean zza(java.lang.String,com.google.android.gms.internal.measurement.zzbv$zzf$zzb,boolean,java.lang.String,java.util.List,java.lang.String,com.google.android.gms.measurement.internal.zzer) -> a
    java.lang.Boolean zza(java.lang.String,com.google.android.gms.internal.measurement.zzbv$zzf,com.google.android.gms.measurement.internal.zzer) -> a
    java.lang.Boolean zza(java.math.BigDecimal,com.google.android.gms.internal.measurement.zzbv$zzd,double) -> a
    boolean zzb() -> b
    boolean zzc() -> c
com.google.android.gms.measurement.internal.zzw -> com.google.android.gms.measurement.internal.sa:
    java.lang.String zzf -> g
    long zzh -> i
    long zzj -> k
    long zzd -> e
    com.google.android.gms.measurement.internal.zzar zzg -> h
    com.google.android.gms.measurement.internal.zzar zzi -> j
    boolean zze -> f
    com.google.android.gms.measurement.internal.zzar zzk -> l
    java.lang.String zzb -> c
    com.google.android.gms.measurement.internal.zzkr zzc -> d
    java.lang.String zza -> b
com.google.android.gms.measurement.internal.zzx -> com.google.android.gms.measurement.internal.ta:
    boolean zza() -> a